[メイン] 霜田明 : 1d4 (1D4) ＞ 1

[メイン] 霜田明 : 1ｄ2 (1D2) ＞ 1

[メイン] 霜田明 : 1ｄ20 (1D20) ＞ 10

[メイン] 長谷川　博 : CCB<=75 (1D100<=75) ＞ 37 ＞ 成功

[メイン] 野原　正義 : CCB<=60 【目星】 (1D100<=60) ＞ 37 ＞ 成功

[メイン] 山田・グングニル・花子 : CCB<=65 【目星】 (1D100<=65) ＞ 17 ＞ 成功

[メイン] 野原　正義 : CCB<=75 【SAN値チェック】 (1D100<=75) ＞ 67 ＞ 成功

[メイン] 山田・グングニル・花子 : CCB<=40 【SAN値チェック】 (1D100<=40) ＞ 57 ＞ 失敗

[メイン] system : [ 山田・グングニル・花子 ] SAN : 40 → 39

[メイン] 野原　正義 : CCB<=36 【コンピューター】 (1D100<=36) ＞ 44 ＞ 失敗

[メイン] 野原　正義 : CCB<=60 【目星】 (1D100<=60) ＞ 29 ＞ 成功

[メイン] 長谷川　博 : CCB<=80 【こぶし（パンチ）】 (1D100<=80) ＞ 96 ＞ 致命的失敗

[メイン] system : [ 長谷川　博 ] HP : 14 → 13

[メイン] 山田・グングニル・花子 : CCB<=75 【アイデア】 (1D100<=75) ＞ 58 ＞ 成功

[メイン] 野原　正義 : CCB<=70 【組み付き】 (1D100<=70) ＞ 5 ＞ 決定的成功/スペシャル

[メイン] 垣久恵 ようこ : CCB<=85 【アイデア】 (1D100<=85) ＞ 57 ＞ 成功

[メイン] 長谷川　博 : CCB<=75 【投擲】 (1D100<=75) ＞ 61 ＞ 成功

[メイン] 山田・グングニル・花子 : CCB<=85 【投擲】 (1D100<=85) ＞ 16 ＞ スペシャル

[メイン] 野原　正義 : CCB<=75 【幸運】 (1D100<=75) ＞ 62 ＞ 成功

[メイン] 垣久恵 ようこ : CCB<=40 【説得】 (1D100<=40) ＞ 56 ＞ 失敗

[メイン] 長谷川　博 : CCB<=55 【跳躍】 (1D100<=55) ＞ 41 ＞ 成功

[メイン] 山田・グングニル・花子 : CCB<=60 【追跡】 (1D100<=60) ＞ 23 ＞ 成功

[メイン] 野原　正義 : CCB<=70 【言いくるめ】 (1D100<=70) ＞ 73 ＞ 失敗

[メイン] 垣久恵 ようこ : CCB<=35 【製作(柿)】 (1D100<=35) ＞ 84 ＞ 失敗

[メイン] 垣久恵 ようこ : CCB<=55 【聞き耳】 (1D100<=55) ＞ 99 ＞ 致命的失敗

[メイン] 垣久恵 ようこ : CCB<=85 【SAN値チェック】 (1D100<=85) ＞ 98 ＞ 致命的失敗

[メイン] system : [ 垣久恵 ようこ ] SAN : 85 → 84

[メイン] 垣久恵 ようこ : CCB<=55 【聞き耳】 (1D100<=55) ＞ 85 ＞ 失敗

[メイン] 山田・グングニル・花子 : CCB<=65 【聞き耳】 (1D100<=65) ＞ 98 ＞ 致命的失敗

[メイン] 山田・グングニル・花子 : CCB<=39 【SAN値チェック】 (1D100<=39) ＞ 69 ＞ 失敗

[メイン] system : [ 山田・グングニル・花子 ] SAN : 39 → 38

[メイン] 垣久恵 ようこ : CCB<=65 【目星】 (1D100<=65) ＞ 50 ＞ 成功

[メイン] 垣久恵 ようこ : CCB<=84 【SAN値チェック】 (1D100<=84) ＞ 49 ＞ 成功

[メイン] 垣久恵 ようこ : 1d4 (1D4) ＞ 4

[メイン] system : [ 垣久恵 ようこ ] SAN : 84 → 79

[メイン] system : [ 垣久恵 ようこ ] SAN : 79 → 80

[メイン] 野原　正義 : CCB<=60 【目星】 (1D100<=60) ＞ 82 ＞ 失敗

[メイン] 山田・グングニル・花子 : CCB<=65 【目星】 (1D100<=65) ＞ 48 ＞ 成功

[メイン] 垣久恵 ようこ : CCB<=85 【アイデア】 (1D100<=85) ＞ 4 ＞ 決定的成功/スペシャル

[メイン] 山田・グングニル・花子 : CCB<=38 【SAN値チェック】 (1D100<=38) ＞ 76 ＞ 失敗

[メイン] system : [ 山田・グングニル・花子 ] SAN : 38 → 37

[メイン] 野原　正義 : 1d10 (1D10) ＞ 6

[メイン] 長谷川　博 : 1d10 (1D10) ＞ 1

[メイン] 垣久恵 ようこ : 1d10 (1D10) ＞ 8

[メイン] system : [ 野原　正義 ] SAN : 75 → 81

[メイン] 山田・グングニル・花子 : 1d10 (1D10) ＞ 4

[メイン] system : [ 山田・グングニル・花子 ] SAN : 37 → 41

[メイン] system : [ 垣久恵 ようこ ] SAN : 80 → 88

[メイン] system : [ 長谷川　博 ] SAN : 70 → 73

[メイン] system : [ 長谷川　博 ] SAN : 73 → 72

[メイン] 垣久恵 ようこ : CCB<=85 【pow*5】 (1D100<=85) ＞ 64 ＞ 成功

[メイン] 野原　正義 : CCB<=75 【POW*5】 (1D100<=75) ＞ 49 ＞ 成功

[メイン] 長谷川　博 : CCB<=70[pow*5]

[メイン] 山田・グングニル・花子 : CCB<=40 【POW*5】 (1D100<=40) ＞ 53 ＞ 失敗

[メイン] 長谷川　博 : CCB<=70 [pow*5] (1D100<=70) ＞ 13 ＞ スペシャル

[メイン] system : [ 長谷川　博 ] SAN : 72 → 71

[メイン] 山田・グングニル・花子 : CCB<=40 【POW*5】 (1D100<=40) ＞ 92 ＞ 失敗

[メイン] 山田・グングニル・花子 : CCB<=41 【SAN値チェック】 (1D100<=41) ＞ 14 ＞ 成功

[メイン] system : [ 山田・グングニル・花子 ] SAN : 41 → 40

[メイン] 垣久恵 ようこ : CCB<=65 【知識】 (1D100<=65) ＞ 90 ＞ 失敗

[メイン] 垣久恵 ようこ : CCB<=65 【目星】 (1D100<=65) ＞ 70 ＞ 失敗

[メイン] 垣久恵 ようこ : CCB<=55 【聞き耳】 (1D100<=55) ＞ 73 ＞ 失敗

[メイン] 野原　正義 : CCB<=60 【目星】 (1D100<=60) ＞ 30 ＞ 成功

[メイン] 野原　正義 : CCB<=60 【知識】 (1D100<=60) ＞ 70 ＞ 失敗

[メイン] 垣久恵 ようこ : CCB<=65 【知識】 (1D100<=65) ＞ 78 ＞ 失敗

[メイン] 山田・グングニル・花子 : CCB<=75 【知識】 (1D100<=75) ＞ 29 ＞ 成功

[メイン] 垣久恵 ようこ : CCB<=31 【化学】 (1D100<=31) ＞ 24 ＞ 成功

[メイン] 野原　正義 : CCB<=81 【SAN値チェック】 (1D100<=81) ＞ 19 ＞ 成功

[メイン] 山田・グングニル・花子 : CCB<=40 【SAN値チェック】 (1D100<=40) ＞ 99 ＞ 致命的失敗

[メイン] 野原　正義 : 1d4 (1D4) ＞ 2

[メイン] system : [ 野原　正義 ] SAN : 81 → 79

[メイン] 山田・グングニル・花子 : 1d6 (1D6) ＞ 6

[メイン] 山田・グングニル・花子 : CCB<=75 【アイデア】 (1D100<=75) ＞ 15 ＞ スペシャル

[メイン] system : [ 山田・グングニル・花子 ] SAN : 40 → 34

[メイン] 山田・グングニル・花子 : 1d10+4 (1D10+4) ＞ 3[3]+4 ＞ 7

[メイン] 山田・グングニル・花子 : 1d10 (1D10) ＞ 2

[メイン] 野原　正義 : CCB<=60 【目星】 (1D100<=60) ＞ 79 ＞ 失敗

[メイン] 垣久恵 ようこ : CCB<=60 【STR * 5】 (1D100<=60) ＞ 14 ＞ 成功

[メイン] 長谷川　博 : CCB<=55 【聞き耳】 (1D100<=55) ＞ 18 ＞ 成功

[メイン] 長谷川　博 : CCB<=70 【幸運】 (1D100<=70) ＞ 46 ＞ 成功

[メイン] 野原　正義 : CCB<=60 【目星】 (1D100<=60) ＞ 57 ＞ 成功

[メイン] 垣久恵 ようこ : CCB<=65 【目星】 (1D100<=65) ＞ 79 ＞ 失敗

[メイン] 長谷川　博 : CCB<=40 【医学】 (1D100<=40) ＞ 24 ＞ 成功

[メイン] 長谷川　博 : CCB<=80 【こぶし（パンチ）】 (1D100<=80) ＞ 99 ＞ 致命的失敗

[メイン] system : [ 長谷川　博 ] HP : 13 → 12

[メイン] 野原　正義 : CCB<=60 【目星】 (1D100<=60) ＞ 84 ＞ 失敗

[メイン] 垣久恵 ようこ : CCB<=65 【目星】 (1D100<=65) ＞ 87 ＞ 失敗

[メイン] 長谷川　博 : CCB<=80 【こぶし（パンチ）】 (1D100<=80) ＞ 43 ＞ 成功

[メイン] 長谷川　博 : 1d3+1d4 (1D3+1D4) ＞ 3[3]+2[2] ＞ 5

[メイン] system : [ 山田・グングニル・花子 ] HP : 13 → 8

[メイン] 長谷川　博 : CCB<=80 【応急手当】 (1D100<=80) ＞ 82 ＞ 失敗

[メイン] 野原　正義 : CCB<=79 【SAN値チェック】 (1D100<=79) ＞ 60 ＞ 成功

[メイン] 垣久恵 ようこ : CCB<=88 【SAN値チェック】 (1D100<=88) ＞ 86 ＞ 成功

[メイン] 垣久恵 ようこ : 4d6 (4D6) ＞ 12[2,5,3,2] ＞ 12

[メイン] 垣久恵 ようこ : 4d6 (4D6) ＞ 12[3,6,2,1] ＞ 12

[メイン] リンゴ : 1ｄ2 (1D2) ＞ 1

[メイン] リンゴ : 1d100<=40 噛みつき (1D100<=40) ＞ 75 ＞ 失敗

[メイン] リンゴ : 1ｄ2 (1D2) ＞ 2

[メイン] リンゴ : 1d100<=30 タックル (1D100<=30) ＞ 37 ＞ 失敗

[メイン] リンゴ : 1ｄ2 (1D2) ＞ 1

[メイン] リンゴ : 1d100<=40 噛みつき (1D100<=40) ＞ 12 ＞ 成功

[メイン] 垣久恵 ようこ : CCB<=63 【回避】 (1D100<=63) ＞ 96 ＞ 致命的失敗

[メイン] リンゴ : 1d4+1d4 (1D4+1D4) ＞ 4[4]+3[3] ＞ 7

[メイン] system : [ 垣久恵 ようこ ] HP : 13 → 7

[メイン] 垣久恵 ようこ : CCB<=60 【ショックロール】 (1D100<=60) ＞ 71 ＞ 失敗

[メイン] 長谷川　博 : CCB<=71 【SAN値チェック】 (1D100<=71) ＞ 88 ＞ 失敗

[メイン] 山田・グングニル・花子 : CCB<=34 【SAN値チェック】 (1D100<=34) ＞ 49 ＞ 失敗

[メイン] 長谷川　博 : 1d6 (1D6) ＞ 6

[メイン] 山田・グングニル・花子 : 1d6 (1D6) ＞ 2

[メイン] system : [ 長谷川　博 ] SAN : 71 → 65

[メイン] system : [ 山田・グングニル・花子 ] SAN : 34 → 32

[メイン] 長谷川　博 : CCB<=60 【アイデア】 (1D100<=60) ＞ 83 ＞ 失敗

[メイン] 長谷川　博 : CCB<=85 (1D100<=85) ＞ 25 ＞ 成功

[メイン] 野原　正義 : CCB<=50 【火炎瓶】 (1D100<=50) ＞ 85 ＞ 失敗

[メイン] 山田・グングニル・花子 : 1D8 [サブマシンガン] (1D8) ＞ 7

[メイン] 山田・グングニル・花子 : 1D8 [サブマシンガン] (1D8) ＞ 3

[メイン] 山田・グングニル・花子 : 1D8 [サブマシンガン] (1D8) ＞ 7

[メイン] 長谷川　博 : CCB<=60 【アイデア】 (1D100<=60) ＞ 92 ＞ 失敗

[メイン] 野原　正義 : CCB<=65 【アイデア】 (1D100<=65) ＞ 13 ＞ スペシャル

[メイン] 山田・グングニル・花子 : CCB<=75 【アイデア】 (1D100<=75) ＞ 98 ＞ 致命的失敗

[メイン] 野原　正義 : CCB<=79 【SAN値チェック】 (1D100<=79) ＞ 62 ＞ 成功

[メイン] 山田・グングニル・花子 : CCB<=32 【SAN値チェック】 (1D100<=32) ＞ 78 ＞ 失敗

[メイン] 山田・グングニル・花子 : 1d3 (1D3) ＞ 2

[メイン] system : [ 山田・グングニル・花子 ] SAN : 32 → 30

[メイン] 山田・グングニル・花子 : 1d6 (1D6) ＞ 1

[メイン] 山田・グングニル・花子 : CCB<=85 【応急手当】 (1D100<=85) ＞ 32 ＞ 成功

[メイン] 山田・グングニル・花子 : 1d3 (1D3) ＞ 3

[メイン] system : [ 垣久恵 ようこ ] HP : 7 → 10

[メイン] 垣久恵 ようこ : CCB<=70 【応急手当】 (1D100<=70) ＞ 37 ＞ 成功

[メイン] 垣久恵 ようこ : 1d3 (1D3) ＞ 3

[メイン] system : [ 山田・グングニル・花子 ] HP : 8 → 11

[メイン] 野原　正義 : CCB<=25 (1D100<=25) ＞ 79 ＞ 失敗

[メイン] 野原　正義 : CCB<=79 【SAN値チェック】 (1D100<=79) ＞ 12 ＞ スペシャル

[メイン] 長谷川　博 : CCB<=65 【SAN値チェック】 (1D100<=65) ＞ 46 ＞ 成功

[メイン] 山田・グングニル・花子 : CCB<=30 【SAN値チェック】 (1D100<=30) ＞ 13 ＞ 成功

[メイン] 垣久恵 ようこ : CCB<=88 【SAN値チェック】 (1D100<=88) ＞ 82 ＞ 成功

[メイン] 垣久恵 ようこ : CCB<=65 【目星】 (1D100<=65) ＞ 57 ＞ 成功

[メイン] 山田・グングニル・花子 : CCB<=65 【目星】 (1D100<=65) ＞ 32 ＞ 成功

[メイン] 長谷川　博 : CCB<=50 【目星】 (1D100<=50) ＞ 88 ＞ 失敗

[メイン] 野原　正義 : CCB<=60 【目星】 (1D100<=60) ＞ 58 ＞ 成功

[メイン] 垣久恵 ようこ : CCB<=55 【運転(自動車)】 (1D100<=55) ＞ 80 ＞ 失敗

[メイン] 山田・グングニル・花子 : CCB<=65 【サブマシンガン】 (1D100<=65) ＞ 81 ＞ 失敗

[メイン] 長谷川　博 : CCB<=75 【投擲】 (1D100<=75) ＞ 53 ＞ 成功

[メイン] 長谷川　博 : 2d6 (2D6) ＞ 9[3,6] ＞ 9

[メイン] 長谷川　博 : CCB<=70 【幸運】 (1D100<=70) ＞ 47 ＞ 成功

[メイン] 野原　正義 : CCB<=25 【投擲】 (1D100<=25) ＞ 92 ＞ 失敗

[メイン] リンゴ : 1d4 (1D4) ＞ 2

[メイン] 垣久恵 ようこ : CCB<=55 【運転(自動車)】 (1D100<=55) ＞ 80 ＞ 失敗

[メイン] 山田・グングニル・花子 : CCB<=60 【回避】 (1D100<=60) ＞ 25 ＞ 成功

[メイン] リンゴ : 1d4 (1D4) ＞ 1

[メイン] 垣久恵 ようこ : CCB<=55 【運転(自動車)】 (1D100<=55) ＞ 75 ＞ 失敗

[メイン] 長谷川　博 : CCB<=80 【回避】 (1D100<=80) ＞ 27 ＞ 成功

[メイン] リンゴ : 1d4 (1D4) ＞ 2

[メイン] 垣久恵 ようこ : CCB<=55 【運転(自動車)】 (1D100<=55) ＞ 99 ＞ 致命的失敗

[メイン] 山田・グングニル・花子 : CCB<=60 【回避】 (1D100<=60) ＞ 36 ＞ 成功

[メイン] 垣久恵 ようこ : CCB<=55 【運転(自動車)】 (1D100<=55) ＞ 58 ＞ 失敗

[メイン] 山田・グングニル・花子 : CCB<=65 【サブマシンガン】 (1D100<=65) ＞ 72 ＞ 失敗

[メイン] 長谷川　博 : CCB<=75 【投擲】 (1D100<=75) ＞ 79 ＞ 失敗

[メイン] 野原　正義 : CCB<=70 【組み付き】 (1D100<=70) ＞ 35 ＞ 成功

[メイン] リンゴ : 1d4 (1D4) ＞ 3

[メイン] 野原　正義 : CCB<=25 【回避】 (1D100<=25) ＞ 74 ＞ 失敗

[メイン] リンゴ : 1d2 (1D2) ＞ 2

[メイン] リンゴ : 1d100<=30 タックル (1D100<=30) ＞ 54 ＞ 失敗

[メイン] リンゴ : 1d4 (1D4) ＞ 1

[メイン] 長谷川　博 : CCB<=80 【回避】 (1D100<=80) ＞ 89 ＞ 失敗

[メイン] リンゴ : 1d2 (1D2) ＞ 1

[メイン] リンゴ : 1d100<=40 噛みつき (1D100<=40) ＞ 89 ＞ 失敗

[メイン] リンゴ : 1d4 (1D4) ＞ 1

[メイン] 長谷川　博 : CCB<=80 【回避】 (1D100<=80) ＞ 22 ＞ 成功

[メイン] 山田・グングニル・花子 : CCB<=65 【サブマシンガン】 (1D100<=65) ＞ 89 ＞ 失敗

[メイン] 垣久恵 ようこ : CCB<=65 【ショットガン】 (1D100<=65) ＞ 31 ＞ 成功

[メイン] 垣久恵 ようこ : 4d6 (4D6) ＞ 11[4,1,3,3] ＞ 11

[メイン] 垣久恵 ようこ : 4d6 (4D6) ＞ 15[2,3,5,5] ＞ 15

[メイン] 長谷川　博 : CCB<=80 【こぶし（パンチ）】 (1D100<=80) ＞ 92 ＞ 失敗

[メイン] リンゴ : 1d4 (1D4) ＞ 4

[メイン] 垣久恵 ようこ : CCB<=63 【回避】 (1D100<=63) ＞ 16 ＞ 成功

[メイン] リンゴ : 1d4 (1D4) ＞ 4

[メイン] 垣久恵 ようこ : CCB<=63 【回避】 (1D100<=63) ＞ 49 ＞ 成功

[メイン] リンゴ : 1d4 (1D4) ＞ 4

[メイン] 垣久恵 ようこ : CCB<=63 【回避】 (1D100<=63) ＞ 46 ＞ 成功

[メイン] 垣久恵 ようこ : CCB<=65 【ショットガン】 (1D100<=65) ＞ 100 ＞ 致命的失敗

[メイン] 垣久恵 ようこ : CCB<=85 【幸運】 (1D100<=85) ＞ 44 ＞ 成功

[メイン] リンゴ : 1d4 (1D4) ＞ 1

[メイン] 長谷川　博 : CCB<=80 【回避】 (1D100<=80) ＞ 87 ＞ 失敗

[メイン] リンゴ : 1d2 (1D2) ＞ 1

[メイン] リンゴ : 1d100<=40 噛みつき (1D100<=40) ＞ 2 ＞ 成功

[メイン] リンゴ : 1d4+1d4 (1D4+1D4) ＞ 2[2]+1[1] ＞ 3

[メイン] system : [ 長谷川　博 ] HP : 12 → 6

[メイン] 長谷川　博 : CCB<=80 【こぶし（パンチ）】 (1D100<=80) ＞ 17 ＞ 成功

[メイン] 長谷川　博 : 1d3+1d4 (1D3+1D4) ＞ 3[3]+1[1] ＞ 4

[メイン] 山田・グングニル・花子 : CCB<=85 【投擲】 (1D100<=85) ＞ 78 ＞ 成功

[メイン] 山田・グングニル・花子 : 2d6 (2D6) ＞ 9[4,5] ＞ 9

[メイン] 山田・グングニル・花子 : CCB<=40 【幸運】 (1D100<=40) ＞ 79 ＞ 失敗

[メイン] 野原　正義 : CCB<=52 【こぶし（パンチ）】 (1D100<=52) ＞ 42 ＞ 成功

[メイン] 野原　正義 : 1d3+1d4 (1D3+1D4) ＞ 1[1]+3[3] ＞ 4

[メイン] リンゴ(1) : 1d4 (1D4) ＞ 3

[メイン] 野原　正義 : CCB<=50 【回避】 (1D100<=50) ＞ 2 ＞ 決定的成功/スペシャル

[メイン] リンゴ(1) : 1d4 (1D4) ＞ 1

[メイン] 長谷川　博 : CCB<=80 【回避】 (1D100<=80) ＞ 84 ＞ 失敗

[メイン] リンゴ(1) : 1d2 (1D2) ＞ 1

[メイン] リンゴ : 1d100<=40 噛みつき (1D100<=40) ＞ 4 ＞ 成功

[メイン] リンゴ : 1d4+1d4 (1D4+1D4) ＞ 4[4]+2[2] ＞ 6

[メイン] system : [ 長谷川　博 ] HP : 6 → 0

[メイン] リンゴ(1) : 1d3 (1D3) ＞ 1

[メイン] 山田・グングニル・花子 : CCB<=60 【回避】 (1D100<=60) ＞ 65 ＞ 失敗

[メイン] リンゴ(1) : CCB<=30 (1D100<=30) ＞ 41 ＞ 失敗

[メイン] リンゴ(1) : 1d3 (1D3) ＞ 2

[メイン] 野原　正義 : CCB<=50 【回避】 (1D100<=50) ＞ 28 ＞ 成功

[メイン] 山田・グングニル・花子 : CCB<=85 【応急手当】 (1D100<=85) ＞ 17 ＞ スペシャル

[メイン] 山田・グングニル・花子 : 1d3 (1D3) ＞ 1

[メイン] system : [ 長谷川　博 ] HP : 0 → 1

[メイン] リンゴ(1) : 1d3 (1D3) ＞ 3

[メイン] 垣久恵 ようこ : CCB<=63 【回避】 (1D100<=63) ＞ 11 ＞ スペシャル

[メイン] リンゴ(1) : 1d3 (1D3) ＞ 2

[メイン] 垣久恵 ようこ : CCB<=63 【回避】 (1D100<=63) ＞ 97 ＞ 致命的失敗

[メイン] system : [ 垣久恵 ようこ ] HP : 10 → 5

[メイン] 垣久恵 ようこ : 2d6 (2D6) ＞ 7[4,3] ＞ 7

[メイン] 垣久恵 ようこ : CCB<=85 【幸運】 (1D100<=85) ＞ 56 ＞ 成功

[メイン] 山田・グングニル・花子 : 1d100 (1D100) ＞ 82

[メイン] 野原　正義 : 1d100 (1D100) ＞ 48

[メイン] 野原　正義 : CCB<=80 (1D100<=80) ＞ 54 ＞ 成功

[メイン] 垣久恵 ようこ : 1d10 (1D10) ＞ 10

[メイン] 野原　正義 : 1d10 (1D10) ＞ 7

[メイン] 山田・グングニル・花子 : 1d10 (1D10) ＞ 7

[メイン] 長谷川　博 : 1d10 (1D10) ＞ 8

[メイン] system : [ 山田・グングニル・花子 ] SAN : 30 → 37

[メイン] system : [ 長谷川　博 ] SAN : 65 → 70

[メイン] system : [ 垣久恵 ようこ ] SAN : 88 → 98

[メイン] system : [ 長谷川　博 ] SAN : 70 → 73

[メイン] system : [ 野原　正義 ] SAN : 79 → 86

[メイン] 山田・グングニル・花子 : 1d8 (1D8) ＞ 4

[メイン] system : [ 山田・グングニル・花子 ] SAN : 37 → 41

[メイン] 野原　正義 : 1d3 (1D3) ＞ 3

[メイン] system : [ 野原　正義 ] SAN : 86 → 89

[メイン] 長谷川　博 : 1d3 (1D3) ＞ 3

[メイン] system : [ 長谷川　博 ] SAN : 73 → 76

[メイン] 山田・グングニル・花子 : 1d4 (1D4) ＞ 1

[メイン] 長谷川　博 : 1d4 (1D4) ＞ 1

[メイン] 野原　正義 : 1d4 (1D4) ＞ 3

[メイン] 垣久恵 ようこ : 1d4 (1D4) ＞ 3

[メイン] 野原　正義 : リン語

[メイン] リンゴ(1) : リン語

[メイン] system : [ 垣久恵 ようこ ] SAN : 98 → 96