[メイン] 霜田明 : 1d4 (1D4) ＞ 1

[メイン] 霜田明 : 1ｄ2 (1D2) ＞ 1

[メイン] 霜田明 : 1ｄ20 (1D20) ＞ 10

[メイン] 長谷川　博 : CCB<=75 (1D100<=75) ＞ 37 ＞ 成功

[メイン] 野原　正義 : CCB<=60 【目星】 (1D100<=60) ＞ 37 ＞ 成功

[メイン] 山田・グングニル・花子 : CCB<=65 【目星】 (1D100<=65) ＞ 17 ＞ 成功

[メイン] 野原　正義 : CCB<=75 【SAN値チェック】 (1D100<=75) ＞ 67 ＞ 成功

[メイン] 山田・グングニル・花子 : CCB<=40 【SAN値チェック】 (1D100<=40) ＞ 57 ＞ 失敗

[メイン] system : [ 山田・グングニル・花子 ] SAN : 40 → 39

[メイン] 野原　正義 : CCB<=36 【コンピューター】 (1D100<=36) ＞ 44 ＞ 失敗

[メイン] 野原　正義 : CCB<=60 【目星】 (1D100<=60) ＞ 29 ＞ 成功

[メイン] 長谷川　博 : CCB<=80 【こぶし（パンチ）】 (1D100<=80) ＞ 96 ＞ 致命的失敗

[メイン] system : [ 長谷川　博 ] HP : 14 → 13

[メイン] 山田・グングニル・花子 : CCB<=75 【アイデア】 (1D100<=75) ＞ 58 ＞ 成功

[メイン] 野原　正義 : CCB<=70 【組み付き】 (1D100<=70) ＞ 5 ＞ 決定的成功/スペシャル

[メイン] 垣久恵 ようこ : CCB<=85 【アイデア】 (1D100<=85) ＞ 57 ＞ 成功

[メイン] 長谷川　博 : CCB<=75 【投擲】 (1D100<=75) ＞ 61 ＞ 成功

[メイン] 山田・グングニル・花子 : CCB<=85 【投擲】 (1D100<=85) ＞ 16 ＞ スペシャル

[メイン] 野原　正義 : CCB<=75 【幸運】 (1D100<=75) ＞ 62 ＞ 成功

[メイン] 垣久恵 ようこ : CCB<=40 【説得】 (1D100<=40) ＞ 56 ＞ 失敗

[メイン] 長谷川　博 : CCB<=55 【跳躍】 (1D100<=55) ＞ 41 ＞ 成功

[メイン] 山田・グングニル・花子 : CCB<=60 【追跡】 (1D100<=60) ＞ 23 ＞ 成功

[メイン] 野原　正義 : CCB<=70 【言いくるめ】 (1D100<=70) ＞ 73 ＞ 失敗

[メイン] 垣久恵 ようこ : CCB<=35 【製作(柿)】 (1D100<=35) ＞ 84 ＞ 失敗

[メイン] 垣久恵 ようこ : CCB<=55 【聞き耳】 (1D100<=55) ＞ 99 ＞ 致命的失敗

[メイン] 垣久恵 ようこ : CCB<=85 【SAN値チェック】 (1D100<=85) ＞ 98 ＞ 致命的失敗

[メイン] system : [ 垣久恵 ようこ ] SAN : 85 → 84

[メイン] 垣久恵 ようこ : CCB<=55 【聞き耳】 (1D100<=55) ＞ 85 ＞ 失敗

[メイン] 山田・グングニル・花子 : CCB<=65 【聞き耳】 (1D100<=65) ＞ 98 ＞ 致命的失敗

[メイン] 山田・グングニル・花子 : CCB<=39 【SAN値チェック】 (1D100<=39) ＞ 69 ＞ 失敗

[メイン] system : [ 山田・グングニル・花子 ] SAN : 39 → 38

[メイン] 垣久恵 ようこ : CCB<=65 【目星】 (1D100<=65) ＞ 50 ＞ 成功

[メイン] 垣久恵 ようこ : CCB<=84 【SAN値チェック】 (1D100<=84) ＞ 49 ＞ 成功

[メイン] 垣久恵 ようこ : 1d4 (1D4) ＞ 4

[メイン] system : [ 垣久恵 ようこ ] SAN : 84 → 79

[メイン] system : [ 垣久恵 ようこ ] SAN : 79 → 80

[メイン] 野原　正義 : CCB<=60 【目星】 (1D100<=60) ＞ 82 ＞ 失敗

[メイン] 山田・グングニル・花子 : CCB<=65 【目星】 (1D100<=65) ＞ 48 ＞ 成功

[メイン] 垣久恵 ようこ : CCB<=85 【アイデア】 (1D100<=85) ＞ 4 ＞ 決定的成功/スペシャル

[メイン] 山田・グングニル・花子 : CCB<=38 【SAN値チェック】 (1D100<=38) ＞ 76 ＞ 失敗

[メイン] system : [ 山田・グングニル・花子 ] SAN : 38 → 37

[メイン] 野原　正義 : 1d10 (1D10) ＞ 6

[メイン] 長谷川　博 : 1d10 (1D10) ＞ 1

[メイン] 垣久恵 ようこ : 1d10 (1D10) ＞ 8

[メイン] system : [ 野原　正義 ] SAN : 75 → 81

[メイン] 山田・グングニル・花子 : 1d10 (1D10) ＞ 4

[メイン] system : [ 山田・グングニル・花子 ] SAN : 37 → 41

[メイン] system : [ 垣久恵 ようこ ] SAN : 80 → 88

[メイン] system : [ 長谷川　博 ] SAN : 70 → 73

[メイン] system : [ 長谷川　博 ] SAN : 73 → 72

[メイン] 垣久恵 ようこ : CCB<=85 【pow*5】 (1D100<=85) ＞ 64 ＞ 成功

[メイン] 野原　正義 : CCB<=75 【POW*5】 (1D100<=75) ＞ 49 ＞ 成功

[メイン] 長谷川　博 : CCB<=70[pow*5]

[メイン] 山田・グングニル・花子 : CCB<=40 【POW*5】 (1D100<=40) ＞ 53 ＞ 失敗

[メイン] 長谷川　博 : CCB<=70 [pow*5] (1D100<=70) ＞ 13 ＞ スペシャル

[メイン] system : [ 長谷川　博 ] SAN : 72 → 71

[メイン] 山田・グングニル・花子 : CCB<=40 【POW*5】 (1D100<=40) ＞ 92 ＞ 失敗

[メイン] 山田・グングニル・花子 : CCB<=41 【SAN値チェック】 (1D100<=41) ＞ 14 ＞ 成功

[メイン] system : [ 山田・グングニル・花子 ] SAN : 41 → 40

[メイン] 垣久恵 ようこ : CCB<=65 【知識】 (1D100<=65) ＞ 90 ＞ 失敗